<?xml version="1.0" encoding="UTF-8"?>
<!-- Generated by org.testng.reporters.JUnitXMLReporter -->
<testsuite ignored="1" hostname="LAPTOP-259GENKD" failures="0" tests="2" name="Test" time="5.779" errors="0" timestamp="2025-09-14T14:39:21 IST">
  <testcase classname="Orangehrmtest.logintest" name="loginwithvalidetails" time="3.859"/>
  <testcase classname="Orangehrmtest.homepagetest" name="testlogout" time="1.862"/>
  <testcase classname="Orangehrmtest.basetest" name="@BeforeSuite initdriver" time="0.0">
    <ignored/>
  </testcase> <!-- @BeforeSuite initdriver -->
</testsuite> <!-- Test -->
