<?xml version="1.0" encoding="UTF-8"?>
<testng-results ignored="0" total="3" passed="3" failed="0" skipped="0">
  <reporter-output>
  </reporter-output>
  <suite started-at="2025-08-31T14:41:06 IST" name="Suite" finished-at="2025-08-31T14:41:16 IST" duration-ms="10675">
    <groups>
    </groups>
    <test started-at="2025-08-31T14:41:06 IST" name="Test" finished-at="2025-08-31T14:41:16 IST" duration-ms="10675">
      <class name="Maventest.firsttest">
        <test-method signature="LoginApp()[pri:1, instance:Maventest.firsttest@41e36e46]" started-at="2025-08-31T14:41:06 IST" name="LoginApp" finished-at="2025-08-31T14:41:11 IST" duration-ms="5234" status="PASS">
          <reporter-output>
          </reporter-output>
        </test-method> <!-- LoginApp -->
        <test-method signature="searchUser()[pri:2, instance:Maventest.firsttest@41e36e46]" started-at="2025-08-31T14:41:11 IST" name="searchUser" finished-at="2025-08-31T14:41:15 IST" duration-ms="3669" status="PASS">
          <reporter-output>
          </reporter-output>
        </test-method> <!-- searchUser -->
        <test-method signature="logout()[pri:3, instance:Maventest.firsttest@41e36e46]" started-at="2025-08-31T14:41:15 IST" name="logout" finished-at="2025-08-31T14:41:16 IST" duration-ms="1722" status="PASS">
          <reporter-output>
          </reporter-output>
        </test-method> <!-- logout -->
      </class> <!-- Maventest.firsttest -->
    </test> <!-- Test -->
  </suite> <!-- Suite -->
</testng-results>
