<?xml version="1.0" encoding="UTF-8"?>
<testng-results ignored="0" total="2" passed="2" failed="0" skipped="0">
  <reporter-output>
  </reporter-output>
  <suite started-at="2025-09-14T14:39:15 IST" name="Suite" finished-at="2025-09-14T14:39:21 IST" duration-ms="5779">
    <groups>
    </groups>
    <test started-at="2025-09-14T14:39:15 IST" name="Test" finished-at="2025-09-14T14:39:21 IST" duration-ms="5779">
      <class name="Orangehrmtest.homepagetest">
        <test-method signature="testlogout()[pri:0, instance:Orangehrmtest.homepagetest@233795b6]" started-at="2025-09-14T14:39:19 IST" name="testlogout" finished-at="2025-09-14T14:39:21 IST" duration-ms="1862" status="PASS">
          <reporter-output>
          </reporter-output>
        </test-method> <!-- testlogout -->
      </class> <!-- Orangehrmtest.homepagetest -->
      <class name="Orangehrmtest.logintest">
        <test-method is-config="true" signature="initdriver()[pri:0, instance:Orangehrmtest.logintest@662ac478]" started-at="2025-09-14T14:39:07 IST" name="initdriver" finished-at="2025-09-14T14:39:15 IST" duration-ms="7826" status="PASS">
          <reporter-output>
          </reporter-output>
        </test-method> <!-- initdriver -->
        <test-method signature="loginwithvalidetails()[pri:0, instance:Orangehrmtest.logintest@662ac478]" started-at="2025-09-14T14:39:15 IST" name="loginwithvalidetails" finished-at="2025-09-14T14:39:19 IST" duration-ms="3859" status="PASS">
          <reporter-output>
          </reporter-output>
        </test-method> <!-- loginwithvalidetails -->
      </class> <!-- Orangehrmtest.logintest -->
    </test> <!-- Test -->
  </suite> <!-- Suite -->
</testng-results>
